SF:lib/flutter_text_sniffer.dart
DA:80,1
DA:85,2
DA:215,2
DA:238,1
DA:239,1
DA:261,1
DA:263,1
DA:264,1
DA:267,1
DA:269,1
DA:270,4
DA:271,5
DA:272,1
DA:276,1
DA:278,1
DA:279,1
DA:282,1
DA:283,2
DA:284,1
DA:286,2
DA:289,1
DA:290,7
DA:293,1
DA:294,1
DA:295,4
DA:298,3
DA:299,2
DA:300,4
DA:301,3
DA:302,1
DA:303,1
DA:304,1
DA:308,1
DA:309,5
DA:318,1
DA:319,2
DA:321,4
DA:322,3
DA:326,1
DA:328,3
DA:329,2
DA:330,3
DA:333,6
DA:334,7
DA:336,2
DA:339,1
DA:341,1
DA:342,2
DA:343,1
DA:344,2
DA:345,1
DA:346,4
DA:351,1
DA:352,1
DA:354,2
DA:355,5
DA:356,3
DA:358,2
DA:360,1
DA:361,3
DA:362,4
DA:368,2
DA:369,1
DA:370,1
DA:371,2
DA:375,1
DA:376,2
DA:377,2
DA:378,2
DA:379,2
DA:380,2
DA:381,2
DA:382,2
DA:383,2
DA:384,2
DA:385,2
DA:386,2
DA:387,2
DA:388,3
DA:404,1
DA:405,1
DA:407,1
DA:415,1
DA:417,1
DA:419,3
DA:423,1
DA:424,2
DA:429,2
DA:430,2
DA:431,4
DA:434,1
DA:437,2
DA:438,2
DA:444,2
DA:445,2
DA:446,3
DA:447,1
DA:453,2
DA:454,1
DA:455,1
DA:458,2
DA:459,3
DA:467,3
DA:475,1
DA:476,2
DA:477,1
DA:478,1
DA:479,1
DA:480,1
DA:481,3
LF:110
LH:110
end_of_record
SF:lib/sniffer_types.dart
DA:10,1
DA:19,2
DA:20,2
DA:26,1
DA:27,1
DA:32,1
DA:35,1
DA:42,1
DA:43,1
DA:48,1
DA:52,1
LF:11
LH:11
end_of_record
